<?xml version="1.0" encoding="UTF-8"?>
<!-- Generated by org.testng.reporters.JUnitXMLReporter -->
<testsuite ignored="0" hostname="LAPTOP-KUSNHOLQ" failures="0" tests="4" name="Default test" time="17.2" errors="0" timestamp="14 Jun 2023 11:35:05 GMT">
  <testcase classname="javamethods.AlertPopUp" name="Alertpopup" time="0.135"/>
  <testcase classname="javamethods.AlertPopUp" name="TimerAlert" time="6.248"/>
  <testcase classname="javamethods.AlertPopUp" name="ConfirmAlert" time="0.071"/>
  <testcase classname="javamethods.AlertPopUp" name="PromptAlert" time="0.138"/>
</testsuite> <!-- Default test -->
