<?xml version="1.0" encoding="UTF-8"?>
<testng-results ignored="0" total="4" passed="4" failed="0" skipped="0">
  <reporter-output>
  </reporter-output>
  <suite started-at="2023-06-14T11:34:47Z" name="Default suite" finished-at="2023-06-14T11:35:05Z" duration-ms="17200">
    <groups>
    </groups>
    <test started-at="2023-06-14T11:34:47Z" name="Default test" finished-at="2023-06-14T11:35:05Z" duration-ms="17200">
      <class name="javamethods.AlertPopUp">
        <test-method is-config="true" signature="launchborweser()[pri:0, instance:javamethods.AlertPopUp@51cd7ffc]" started-at="2023-06-14T11:34:47Z" name="launchborweser" finished-at="2023-06-14T11:34:58Z" duration-ms="10420" status="PASS">
          <reporter-output>
          </reporter-output>
        </test-method> <!-- launchborweser -->
        <test-method signature="Alertpopup()[pri:1, instance:javamethods.AlertPopUp@51cd7ffc]" started-at="2023-06-14T11:34:58Z" name="Alertpopup" finished-at="2023-06-14T11:34:58Z" duration-ms="135" status="PASS">
          <reporter-output>
          </reporter-output>
        </test-method> <!-- Alertpopup -->
        <test-method signature="TimerAlert()[pri:2, instance:javamethods.AlertPopUp@51cd7ffc]" started-at="2023-06-14T11:34:58Z" name="TimerAlert" finished-at="2023-06-14T11:35:04Z" duration-ms="6248" status="PASS">
          <reporter-output>
          </reporter-output>
        </test-method> <!-- TimerAlert -->
        <test-method signature="ConfirmAlert()[pri:3, instance:javamethods.AlertPopUp@51cd7ffc]" started-at="2023-06-14T11:35:04Z" name="ConfirmAlert" finished-at="2023-06-14T11:35:04Z" duration-ms="71" status="PASS">
          <reporter-output>
          </reporter-output>
        </test-method> <!-- ConfirmAlert -->
        <test-method signature="PromptAlert()[pri:4, instance:javamethods.AlertPopUp@51cd7ffc]" started-at="2023-06-14T11:35:04Z" name="PromptAlert" finished-at="2023-06-14T11:35:05Z" duration-ms="138" status="PASS">
          <reporter-output>
          </reporter-output>
        </test-method> <!-- PromptAlert -->
      </class> <!-- javamethods.AlertPopUp -->
    </test> <!-- Default test -->
  </suite> <!-- Default suite -->
</testng-results>
